Killed
INFO:     Will watch for changes in these directories: ['/home/steven_cohen714/orders_project/backend']
INFO:     Uvicorn running on http://0.0.0.0:8004 (Press CTRL+C to quit)
INFO:     Started reloader process [848063] using StatReload
INFO:     Started server process [848066]
INFO:     Waiting for application startup.
INFO:     Application startup complete.
INFO:     41.169.135.46:50732 - "GET / HTTP/1.1" 200 OK
INFO:     41.169.135.46:50732 - "GET /static/css/style.css HTTP/1.1" 200 OK
INFO:     41.169.135.46:50731 - "GET /static/js/login.js HTTP/1.1" 200 OK
INFO:     41.169.135.46:50731 - "GET /favicon.ico HTTP/1.1" 200 OK
INFO:     105.245.24.46:9678 - "GET / HTTP/1.1" 200 OK
INFO:     105.245.24.46:9678 - "GET /static/css/style.css HTTP/1.1" 200 OK
INFO:     105.245.24.46:9680 - "GET /static/js/login.js HTTP/1.1" 200 OK
INFO:     105.245.24.46:9678 - "GET /favicon.ico HTTP/1.1" 200 OK
INFO:     105.245.24.46:10426 - "POST /login HTTP/1.1" 200 OK
INFO:     105.245.24.46:10426 - "GET /orders/pending_orders HTTP/1.1" 200 OK
INFO:     105.245.24.46:10426 - "GET /static/css/style.css HTTP/1.1" 200 OK
INFO:     105.245.24.46:10489 - "GET /static/js/pending_orders.js HTTP/1.1" 200 OK
INFO:     105.245.24.46:10489 - "GET /static/js/components/shared_filters.js HTTP/1.1" 200 OK
INFO:     105.245.24.46:10426 - "GET /static/js/components/expand_line_items.js HTTP/1.1" 200 OK
INFO:     105.245.24.46:10521 - "GET /static/js/components/order_note_modal.js HTTP/1.1" 200 OK
INFO:     105.245.24.46:10517 - "GET /static/js/components/pdf_modal.js HTTP/1.1" 200 OK
INFO:     105.245.24.46:10518 - "GET /static/js/components/receive_modal.js HTTP/1.1" 200 OK
INFO:     105.245.24.46:10527 - "GET /static/js/components/attachment_modal.js HTTP/1.1" 200 OK
INFO:     105.245.24.46:10527 - "GET /lookups/suppliers HTTP/1.1" 200 OK
INFO:     105.245.24.46:10517 - "GET /lookups/requesters HTTP/1.1" 200 OK
INFO:     105.245.24.46:10517 - "GET /orders/api/pending_orders HTTP/1.1" 200 OK
INFO:     105.245.24.46:11889 - "GET / HTTP/1.1" 200 OK
INFO:     105.245.24.46:11889 - "GET /static/js/login.js HTTP/1.1" 304 Not Modified
INFO:     105.245.24.46:11889 - "GET / HTTP/1.1" 200 OK
INFO:     105.245.24.46:11889 - "GET /favicon.ico HTTP/1.1" 200 OK
INFO:     105.245.24.46:17455 - "POST /login HTTP/1.1" 200 OK
INFO:     105.245.24.46:17455 - "GET /orders/pending_orders HTTP/1.1" 200 OK
INFO:     105.245.24.46:17455 - "GET /lookups/requesters HTTP/1.1" 200 OK
INFO:     105.245.24.46:17501 - "GET /lookups/suppliers HTTP/1.1" 200 OK
INFO:     105.245.24.46:17501 - "GET /orders/api/pending_orders HTTP/1.1" 200 OK
INFO:     105.245.24.46:17501 - "GET /orders/pending_orders HTTP/1.1" 200 OK
INFO:     105.245.24.46:17455 - "GET /lookups/suppliers HTTP/1.1" 200 OK
INFO:     105.245.24.46:17501 - "GET /lookups/requesters HTTP/1.1" 200 OK
INFO:     105.245.24.46:17501 - "GET /orders/api/pending_orders HTTP/1.1" 200 OK
INFO:     105.245.24.46:18782 - "GET /maintenance HTTP/1.1" 200 OK
INFO:     105.245.24.46:18782 - "GET /static/js/maintenance.js HTTP/1.1" 200 OK
INFO:     105.245.24.46:18782 - "GET /static/js/maintenance_screen/index.js HTTP/1.1" 200 OK
INFO:     105.245.24.46:18782 - "GET /static/js/maintenance_screen/users.js HTTP/1.1" 200 OK
INFO:     105.245.24.46:18781 - "GET /static/js/maintenance_screen/requesters.js HTTP/1.1" 200 OK
INFO:     105.245.24.46:18799 - "GET /static/js/maintenance_screen/projects.js HTTP/1.1" 200 OK
INFO:     105.245.24.46:18797 - "GET /static/js/maintenance_screen/items.js HTTP/1.1" 200 OK
INFO:     105.245.24.46:18796 - "GET /static/js/maintenance_screen/suppliers.js HTTP/1.1" 200 OK
INFO:     105.245.24.46:18782 - "GET /static/js/maintenance_screen/business_details.js HTTP/1.1" 200 OK
INFO:     105.245.24.46:18798 - "GET /static/js/maintenance_screen/settings.js HTTP/1.1" 200 OK
INFO:     105.245.24.46:18782 - "GET /lookups/items HTTP/1.1" 200 OK
INFO:     105.245.24.46:18797 - "GET /lookups/requesters HTTP/1.1" 200 OK
INFO:     105.245.24.46:18798 - "GET /lookups/users HTTP/1.1" 200 OK
INFO:     105.245.24.46:18796 - "GET /lookups/suppliers HTTP/1.1" 200 OK
INFO:     105.245.24.46:18799 - "GET /lookups/projects HTTP/1.1" 200 OK
INFO:     105.245.24.46:18781 - "GET /lookups/settings HTTP/1.1" 200 OK
INFO:     105.245.24.46:18782 - "GET /lookups/business_details HTTP/1.1" 200 OK
INFO:     105.245.24.46:18797 - "GET /favicon.ico HTTP/1.1" 200 OK
INFO:     105.245.24.46:21628 - "PUT /lookups/settings HTTP/1.1" 200 OK
INFO:     105.245.24.46:21628 - "GET /lookups/settings HTTP/1.1" 200 OK
INFO:     105.245.24.46:20313 - "PUT /lookups/users/15 HTTP/1.1" 200 OK
INFO:     105.245.24.46:20313 - "GET /lookups/users HTTP/1.1" 200 OK
INFO:     105.245.24.46:20895 - "GET /logout HTTP/1.1" 200 OK
INFO:     105.245.24.46:20895 - "GET /favicon.ico HTTP/1.1" 200 OK
INFO:     105.245.24.46:20897 - "GET / HTTP/1.1" 200 OK
INFO:     105.245.24.46:20897 - "GET /static/css/style.css HTTP/1.1" 200 OK
INFO:     105.245.24.46:21702 - "GET /static/js/login.js HTTP/1.1" 200 OK
INFO:     105.245.24.46:21702 - "GET /favicon.ico HTTP/1.1" 200 OK
INFO:     105.245.24.46:22565 - "POST /login HTTP/1.1" 200 OK
INFO:     105.245.24.46:22565 - "GET /orders/pending_orders HTTP/1.1" 200 OK
INFO:     105.245.24.46:22565 - "GET /static/css/style.css HTTP/1.1" 200 OK
INFO:     105.245.24.46:22639 - "GET /static/js/pending_orders.js HTTP/1.1" 200 OK
INFO:     105.245.24.46:22565 - "GET /static/js/components/order_note_modal.js HTTP/1.1" 200 OK
INFO:     105.245.24.46:22639 - "GET /static/js/components/shared_filters.js HTTP/1.1" 200 OK
INFO:     105.245.24.46:22662 - "GET /static/js/components/expand_line_items.js HTTP/1.1" 200 OK
INFO:     105.245.24.46:22664 - "GET /static/js/components/pdf_modal.js HTTP/1.1" 200 OK
INFO:     105.245.24.46:22663 - "GET /static/js/components/receive_modal.js HTTP/1.1" 200 OK
INFO:     105.245.24.46:22665 - "GET /static/js/components/attachment_modal.js HTTP/1.1" 200 OK
INFO:     105.245.24.46:22663 - "GET /lookups/requesters HTTP/1.1" 200 OK
INFO:     105.245.24.46:22665 - "GET /lookups/suppliers HTTP/1.1" 200 OK
INFO:     105.245.24.46:22665 - "GET /orders/api/pending_orders HTTP/1.1" 200 OK
INFO:     105.245.24.46:22665 - "GET /maintenance HTTP/1.1" 200 OK
INFO:     105.245.24.46:22663 - "GET /static/css/style.css HTTP/1.1" 200 OK
INFO:     105.245.24.46:22665 - "GET /static/js/maintenance.js HTTP/1.1" 200 OK
INFO:     105.245.24.46:22665 - "GET /static/js/maintenance_screen/index.js HTTP/1.1" 200 OK
INFO:     105.245.24.46:22665 - "GET /static/js/maintenance_screen/users.js HTTP/1.1" 200 OK
INFO:     105.245.24.46:22663 - "GET /static/js/maintenance_screen/requesters.js HTTP/1.1" 200 OK
INFO:     105.245.24.46:22664 - "GET /static/js/maintenance_screen/items.js HTTP/1.1" 200 OK
INFO:     105.245.24.46:22662 - "GET /static/js/maintenance_screen/suppliers.js HTTP/1.1" 200 OK
INFO:     105.245.24.46:22565 - "GET /static/js/maintenance_screen/settings.js HTTP/1.1" 200 OK
INFO:     105.245.24.46:22639 - "GET /static/js/maintenance_screen/projects.js HTTP/1.1" 200 OK
INFO:     105.245.24.46:22665 - "GET /static/js/maintenance_screen/business_details.js HTTP/1.1" 200 OK
INFO:     105.245.24.46:22665 - "GET /lookups/users HTTP/1.1" 200 OK
INFO:     105.245.24.46:22639 - "GET /lookups/requesters HTTP/1.1" 200 OK
INFO:     105.245.24.46:22565 - "GET /lookups/items HTTP/1.1" 200 OK
INFO:     105.245.24.46:22662 - "GET /lookups/suppliers HTTP/1.1" 200 OK
INFO:     105.245.24.46:22663 - "GET /lookups/projects HTTP/1.1" 200 OK
INFO:     105.245.24.46:22664 - "GET /lookups/settings HTTP/1.1" 200 OK
INFO:     105.245.24.46:22665 - "GET /lookups/business_details HTTP/1.1" 200 OK
INFO:     105.245.24.46:22639 - "GET /favicon.ico HTTP/1.1" 200 OK
INFO:     105.245.24.46:26879 - "POST /lookups/users HTTP/1.1" 200 OK
INFO:     105.245.24.46:26879 - "GET /lookups/users HTTP/1.1" 200 OK
INFO:     41.169.135.46:52691 - "POST /login HTTP/1.1" 401 Unauthorized
INFO:     41.169.135.46:52692 - "POST /login HTTP/1.1" 200 OK
INFO:     41.169.135.46:52693 - "GET /orders/pending_orders HTTP/1.1" 200 OK
INFO:     41.169.135.46:52692 - "GET /static/js/pending_orders.js HTTP/1.1" 200 OK
INFO:     41.169.135.46:52692 - "GET /static/js/components/shared_filters.js HTTP/1.1" 200 OK
INFO:     41.169.135.46:52693 - "GET /static/js/components/expand_line_items.js HTTP/1.1" 200 OK
INFO:     41.169.135.46:52697 - "GET /static/js/components/attachment_modal.js HTTP/1.1" 200 OK
INFO:     41.169.135.46:52696 - "GET /static/js/components/receive_modal.js HTTP/1.1" 200 OK
INFO:     41.169.135.46:52695 - "GET /static/js/components/pdf_modal.js HTTP/1.1" 200 OK
INFO:     41.169.135.46:52698 - "GET /static/js/components/order_note_modal.js HTTP/1.1" 200 OK
INFO:     41.169.135.46:52692 - "GET /lookups/requesters HTTP/1.1" 200 OK
INFO:     41.169.135.46:52696 - "GET /lookups/suppliers HTTP/1.1" 200 OK
INFO:     41.169.135.46:52696 - "GET /orders/api/pending_orders HTTP/1.1" 200 OK
INFO:     41.169.135.46:52706 - "GET /orders/new HTTP/1.1" 200 OK
INFO:     41.169.135.46:52706 - "GET /static/js/new_order_main.js?v=1 HTTP/1.1" 200 OK
INFO:     41.169.135.46:52707 - "GET /static/js/new_order_screen/submit_utils.js HTTP/1.1" 200 OK
INFO:     41.169.135.46:52706 - "GET /static/js/new_order_screen/pdf_utils.js HTTP/1.1" 200 OK
INFO:     41.169.135.46:52708 - "GET /static/js/components/utils.js HTTP/1.1" 200 OK
INFO:     41.169.135.46:52708 - "GET /lookups/requesters HTTP/1.1" 200 OK
INFO:     41.169.135.46:52708 - "GET /lookups/suppliers HTTP/1.1" 200 OK
INFO:     41.169.135.46:52708 - "GET /lookups/items HTTP/1.1" 200 OK
INFO:     41.169.135.46:52708 - "GET /lookups/projects HTTP/1.1" 200 OK
INFO:     41.169.135.46:52708 - "GET /lookups/settings HTTP/1.1" 200 OK
INFO:     41.169.135.46:52720 - "GET /orders/audit_trail HTTP/1.1" 200 OK
INFO:     41.169.135.46:52720 - "GET /static/js/audit_trail.js HTTP/1.1" 200 OK
INFO:     41.169.135.46:52720 - "GET /lookups/requesters HTTP/1.1" 200 OK
INFO:     41.169.135.46:52720 - "GET /lookups/suppliers HTTP/1.1" 200 OK
INFO:     41.169.135.46:52720 - "GET /orders/api/audit_trail_orders HTTP/1.1" 200 OK
INFO:     41.169.135.46:52719 - "GET /orders/attachments/159 HTTP/1.1" 200 OK
INFO:     41.169.135.46:52719 - "GET /orders/attachments/159 HTTP/1.1" 200 OK
INFO:     41.169.135.46:52721 - "GET /orders/new HTTP/1.1" 200 OK
INFO:     41.169.135.46:52721 - "GET /lookups/requesters HTTP/1.1" 200 OK
INFO:     41.169.135.46:52721 - "GET /lookups/suppliers HTTP/1.1" 200 OK
INFO:     41.169.135.46:52721 - "GET /lookups/items HTTP/1.1" 200 OK
INFO:     41.169.135.46:52721 - "GET /lookups/projects HTTP/1.1" 200 OK
INFO:     41.169.135.46:52721 - "GET /lookups/settings HTTP/1.1" 200 OK
INFO:     41.169.135.46:52733 - "GET /orders/pending_orders HTTP/1.1" 200 OK
INFO:     41.169.135.46:52734 - "GET /lookups/suppliers HTTP/1.1" 200 OK
INFO:     41.169.135.46:52733 - "GET /lookups/requesters HTTP/1.1" 200 OK
INFO:     41.169.135.46:52734 - "GET /orders/api/pending_orders HTTP/1.1" 200 OK
INFO:     41.169.135.46:52738 - "GET /orders/new HTTP/1.1" 200 OK
INFO:     41.169.135.46:52738 - "GET /lookups/requesters HTTP/1.1" 200 OK
INFO:     41.169.135.46:52738 - "GET /lookups/suppliers HTTP/1.1" 200 OK
INFO:     41.169.135.46:52738 - "GET /lookups/items HTTP/1.1" 200 OK
INFO:     41.169.135.46:52738 - "GET /lookups/projects HTTP/1.1" 200 OK
INFO:     41.169.135.46:52738 - "GET /lookups/settings HTTP/1.1" 200 OK
INFO:     41.169.135.46:52740 - "POST /log HTTP/1.1" 200 OK
INFO:     41.169.135.46:52741 - "POST /orders/api/preview_pdf_new_order HTTP/1.1" 200 OK
INFO:     41.169.135.46:52741 - "POST /log HTTP/1.1" 200 OK
INFO:     41.169.135.46:52743 - "POST /log HTTP/1.1" 200 OK
INFO:     41.169.135.46:52744 - "POST /orders HTTP/1.1" 200 OK
INFO:     41.169.135.46:52744 - "PUT /lookups/order_number HTTP/1.1" 200 OK
INFO:     41.169.135.46:52743 - "POST /log HTTP/1.1" 200 OK
INFO:     41.169.135.46:52745 - "GET /orders/pending_orders HTTP/1.1" 200 OK
INFO:     41.169.135.46:52745 - "GET /lookups/requesters HTTP/1.1" 200 OK
INFO:     41.169.135.46:52746 - "GET /lookups/suppliers HTTP/1.1" 200 OK
INFO:     41.169.135.46:52746 - "GET /orders/api/pending_orders HTTP/1.1" 200 OK
INFO:     41.169.135.46:52785 - "GET /home HTTP/1.1" 200 OK
INFO:     41.169.135.46:52785 - "GET /favicon.ico HTTP/1.1" 200 OK
Killed
INFO:     Will watch for changes in these directories: ['/home/steven_cohen714/orders_project/backend']
INFO:     Uvicorn running on http://0.0.0.0:8004 (Press CTRL+C to quit)
INFO:     Started reloader process [848687] using StatReload
INFO:     Started server process [848689]
INFO:     Waiting for application startup.
INFO:     Application startup complete.
Killed
INFO:     Will watch for changes in these directories: ['/home/steven_cohen714/orders_project/backend']
INFO:     Uvicorn running on http://0.0.0.0:8004 (Press CTRL+C to quit)
INFO:     Started reloader process [849055] using StatReload
INFO:     Started server process [849057]
INFO:     Waiting for application startup.
INFO:     Application startup complete.
INFO:     105.245.24.46:8066 - "GET /orders/new HTTP/1.1" 200 OK
INFO:     105.245.24.46:8066 - "GET /static/js/new_order_main.js?v=1 HTTP/1.1" 304 Not Modified
INFO:     105.245.24.46:8066 - "GET /static/js/new_order_screen/pdf_utils.js HTTP/1.1" 304 Not Modified
INFO:     105.245.24.46:8065 - "GET /static/js/new_order_screen/submit_utils.js HTTP/1.1" 304 Not Modified
INFO:     105.245.24.46:8090 - "GET /static/js/components/utils.js HTTP/1.1" 304 Not Modified
INFO:     105.245.24.46:8090 - "GET /lookups/requesters HTTP/1.1" 200 OK
INFO:     105.245.24.46:8090 - "GET /lookups/suppliers HTTP/1.1" 200 OK
INFO:     105.245.24.46:8090 - "GET /lookups/items HTTP/1.1" 200 OK
INFO:     105.245.24.46:8090 - "GET /lookups/projects HTTP/1.1" 200 OK
INFO:     105.245.24.46:8090 - "GET /lookups/settings HTTP/1.1" 200 OK
INFO:     105.245.24.46:13418 - "POST /log HTTP/1.1" 200 OK
INFO:     105.245.24.46:13418 - "POST /orders/api/preview_pdf_new_order HTTP/1.1" 200 OK
INFO:     105.245.24.46:13418 - "POST /log HTTP/1.1" 200 OK
INFO:     105.245.24.46:13431 - "POST /log HTTP/1.1" 200 OK
INFO:     105.245.24.46:13431 - "POST /orders HTTP/1.1" 200 OK
INFO:     105.245.24.46:13431 - "PUT /lookups/order_number HTTP/1.1" 200 OK
INFO:     105.245.24.46:13431 - "POST /log HTTP/1.1" 200 OK
INFO:     105.245.24.46:13431 - "GET /orders/pending_orders HTTP/1.1" 200 OK
INFO:     105.245.24.46:13431 - "GET /lookups/requesters HTTP/1.1" 200 OK
INFO:     105.245.24.46:14878 - "GET /lookups/suppliers HTTP/1.1" 200 OK
INFO:     105.245.24.46:14878 - "GET /orders/api/pending_orders HTTP/1.1" 200 OK
INFO:     105.245.24.46:16237 - "GET /orders/api/items_for_order/161 HTTP/1.1" 200 OK
INFO:     105.245.24.46:16238 - "GET /orders/api/receipt_logs/161 HTTP/1.1" 200 OK
INFO:     105.245.24.46:16238 - "GET /orders/attachments/161 HTTP/1.1" 200 OK
INFO:     105.245.24.46:16238 - "GET /orders/attachments/161 HTTP/1.1" 200 OK
INFO:     105.245.24.46:19641 - "PUT /orders/161/update_order_note HTTP/1.1" 404 Not Found
INFO:     105.245.24.46:21778 - "GET /orders/authorisations_per_user HTTP/1.1" 200 OK
INFO:     105.245.24.46:21778 - "GET /static/js/authorisations_per_user.js HTTP/1.1" 304 Not Modified
INFO:     105.245.24.46:21778 - "GET /lookups/requesters HTTP/1.1" 200 OK
INFO:     105.245.24.46:21778 - "GET /lookups/suppliers HTTP/1.1" 200 OK
INFO:     🔍 Session user before JSONResponse: {'id': 15, 'username': 'aaron', 'rights': 'edit', 'auth_threshold_band': None}
INFO:     105.245.24.46:21778 - "GET /mobile/get_user_info HTTP/1.1" 200 OK
INFO:     105.245.24.46:21778 - "GET /orders/api/awaiting_authorisation HTTP/1.1" 403 Forbidden
INFO:     105.245.24.46:21773 - "GET /orders/api/awaiting_authorisation HTTP/1.1" 403 Forbidden
INFO:     105.245.24.46:23533 - "GET /orders/pending_orders HTTP/1.1" 200 OK
INFO:     105.245.24.46:23533 - "GET /lookups/requesters HTTP/1.1" 200 OK
INFO:     105.245.24.46:23534 - "GET /lookups/suppliers HTTP/1.1" 200 OK
INFO:     105.245.24.46:23534 - "GET /orders/api/pending_orders HTTP/1.1" 200 OK
INFO:     105.245.24.46:24758 - "GET /orders/new HTTP/1.1" 200 OK
INFO:     105.245.24.46:24758 - "GET /lookups/requesters HTTP/1.1" 200 OK
INFO:     105.245.24.46:24758 - "GET /lookups/suppliers HTTP/1.1" 200 OK
INFO:     105.245.24.46:24758 - "GET /lookups/items HTTP/1.1" 200 OK
INFO:     105.245.24.46:24758 - "GET /lookups/projects HTTP/1.1" 200 OK
INFO:     105.245.24.46:24758 - "GET /lookups/settings HTTP/1.1" 200 OK
INFO:     105.245.24.46:24757 - "POST /log HTTP/1.1" 200 OK
INFO:     105.245.24.46:24757 - "POST /log HTTP/1.1" 200 OK
INFO:     105.245.24.46:29034 - "POST /log HTTP/1.1" 200 OK
INFO:     105.245.24.46:29034 - "POST /orders HTTP/1.1" 200 OK
INFO:     105.245.24.46:29034 - "PUT /lookups/order_number HTTP/1.1" 200 OK
INFO:     105.245.24.46:29035 - "POST /log HTTP/1.1" 200 OK
INFO:     105.245.24.46:29035 - "GET /orders/pending_orders HTTP/1.1" 200 OK
INFO:     105.245.24.46:29035 - "GET /lookups/requesters HTTP/1.1" 200 OK
INFO:     105.245.24.46:29034 - "GET /lookups/suppliers HTTP/1.1" 200 OK
INFO:     105.245.24.46:29034 - "GET /orders/api/pending_orders HTTP/1.1" 200 OK
INFO:     105.245.24.46:30891 - "GET /orders/partially_delivered HTTP/1.1" 200 OK
INFO:     105.245.24.46:30891 - "GET /static/js/partially_delivered.js HTTP/1.1" 304 Not Modified
INFO:     105.245.24.46:30891 - "GET /lookups/requesters HTTP/1.1" 200 OK
INFO:     105.245.24.46:30893 - "GET /lookups/suppliers HTTP/1.1" 200 OK
INFO:     105.245.24.46:30901 - "GET /favicon.ico HTTP/1.1" 200 OK
INFO:     105.245.24.46:30893 - "GET /orders/api/partially_delivered HTTP/1.1" 200 OK
INFO:     105.245.24.46:30893 - "GET /orders/audit_trail HTTP/1.1" 200 OK
INFO:     105.245.24.46:30893 - "GET /static/js/audit_trail.js HTTP/1.1" 304 Not Modified
INFO:     105.245.24.46:30893 - "GET /lookups/requesters HTTP/1.1" 200 OK
INFO:     105.245.24.46:30893 - "GET /lookups/suppliers HTTP/1.1" 200 OK
INFO:     105.245.24.46:30893 - "GET /orders/api/audit_trail_orders HTTP/1.1" 200 OK
INFO:     105.245.24.46:30893 - "GET /orders/api/items_for_order/162 HTTP/1.1" 200 OK
INFO:     105.245.24.46:31423 - "GET /orders/api/receipt_logs/162 HTTP/1.1" 200 OK
INFO:     105.245.24.46:31423 - "GET /orders/attachments/158 HTTP/1.1" 200 OK
INFO:     105.245.24.46:31423 - "GET /orders/attachments/158 HTTP/1.1" 200 OK
INFO:     105.245.24.46:31423 - "GET /orders/api/generate_pdf_for_order/160 HTTP/1.1" 200 OK
INFO:     105.245.24.46:31423 - "GET /maintenance HTTP/1.1" 200 OK
INFO:     105.245.24.46:31423 - "GET /lookups/users HTTP/1.1" 200 OK
INFO:     105.245.24.46:1410 - "GET /lookups/requesters HTTP/1.1" 200 OK
INFO:     105.245.24.46:1426 - "GET /lookups/items HTTP/1.1" 200 OK
INFO:     105.245.24.46:1431 - "GET /lookups/suppliers HTTP/1.1" 200 OK
INFO:     105.245.24.46:1433 - "GET /lookups/projects HTTP/1.1" 200 OK
INFO:     105.245.24.46:31423 - "GET /lookups/business_details HTTP/1.1" 200 OK
INFO:     105.245.24.46:1429 - "GET /lookups/settings HTTP/1.1" 200 OK
INFO:     105.245.24.46:1410 - "GET /favicon.ico HTTP/1.1" 200 OK
INFO:     105.245.24.46:6379 - "GET /orders/new HTTP/1.1" 200 OK
INFO:     105.245.24.46:6379 - "GET /lookups/requesters HTTP/1.1" 200 OK
INFO:     105.245.24.46:6379 - "GET /lookups/suppliers HTTP/1.1" 200 OK
INFO:     105.245.24.46:6379 - "GET /lookups/items HTTP/1.1" 200 OK
INFO:     105.245.24.46:6379 - "GET /lookups/projects HTTP/1.1" 200 OK
INFO:     105.245.24.46:6379 - "GET /lookups/settings HTTP/1.1" 200 OK
INFO:     105.245.24.46:6381 - "GET /orders/received_orders HTTP/1.1" 200 OK
INFO:     105.245.24.46:6381 - "GET /static/js/received_orders.js HTTP/1.1" 200 OK
INFO:     105.245.24.46:6381 - "GET /lookups/requesters HTTP/1.1" 200 OK
INFO:     105.245.24.46:6381 - "GET /lookups/suppliers HTTP/1.1" 200 OK
INFO:     105.245.24.46:6381 - "GET /orders/api/received_orders HTTP/1.1" 200 OK
INFO:     105.245.24.46:7302 - "GET /orders/pending_orders HTTP/1.1" 200 OK
INFO:     105.245.24.46:7302 - "GET /lookups/requesters HTTP/1.1" 200 OK
INFO:     105.245.24.46:8221 - "GET /lookups/suppliers HTTP/1.1" 200 OK
INFO:     105.245.24.46:8221 - "GET /orders/api/pending_orders HTTP/1.1" 200 OK
INFO:     105.245.24.46:8868 - "GET /orders/received_orders HTTP/1.1" 200 OK
INFO:     105.245.24.46:8868 - "GET /lookups/requesters HTTP/1.1" 200 OK
INFO:     105.245.24.46:8868 - "GET /lookups/suppliers HTTP/1.1" 200 OK
INFO:     105.245.24.46:8868 - "GET /orders/api/received_orders HTTP/1.1" 200 OK
INFO:     41.169.135.46:53048 - "GET / HTTP/1.1" 200 OK
INFO:     41.169.135.46:53048 - "GET /static/css/style.css HTTP/1.1" 304 Not Modified
INFO:     41.169.135.46:53048 - "GET /favicon.ico HTTP/1.1" 200 OK
INFO:     41.169.135.46:53049 - "POST /login HTTP/1.1" 200 OK
INFO:     41.169.135.46:53052 - "GET /orders/pending_orders HTTP/1.1" 200 OK
INFO:     41.169.135.46:53052 - "GET /static/js/pending_orders.js HTTP/1.1" 304 Not Modified
INFO:     41.169.135.46:53052 - "GET /lookups/requesters HTTP/1.1" 200 OK
INFO:     41.169.135.46:53049 - "GET /lookups/suppliers HTTP/1.1" 200 OK
INFO:     41.169.135.46:53052 - "GET /orders/api/pending_orders HTTP/1.1" 200 OK
INFO:     41.169.135.46:53055 - "GET /orders/new HTTP/1.1" 200 OK
INFO:     41.169.135.46:53055 - "GET /static/js/new_order_main.js?v=1 HTTP/1.1" 304 Not Modified
INFO:     41.169.135.46:53055 - "GET /lookups/requesters HTTP/1.1" 200 OK
INFO:     41.169.135.46:53055 - "GET /lookups/suppliers HTTP/1.1" 200 OK
INFO:     41.169.135.46:53055 - "GET /lookups/items HTTP/1.1" 200 OK
INFO:     41.169.135.46:53055 - "GET /lookups/projects HTTP/1.1" 200 OK
INFO:     41.169.135.46:53055 - "GET /lookups/settings HTTP/1.1" 200 OK
INFO:     41.169.135.46:53056 - "POST /log HTTP/1.1" 200 OK
INFO:     41.169.135.46:53057 - "POST /log HTTP/1.1" 200 OK
INFO:     41.169.135.46:53058 - "POST /orders/api/preview_pdf_new_order HTTP/1.1" 200 OK
INFO:     41.169.135.46:53058 - "POST /log HTTP/1.1" 200 OK
INFO:     41.169.135.46:53059 - "POST /log HTTP/1.1" 200 OK
INFO:     41.169.135.46:53060 - "POST /orders HTTP/1.1" 200 OK
INFO:     41.169.135.46:53060 - "PUT /lookups/order_number HTTP/1.1" 200 OK
INFO:     41.169.135.46:53059 - "POST /log HTTP/1.1" 200 OK
INFO:     41.169.135.46:53061 - "GET /orders/pending_orders HTTP/1.1" 200 OK
INFO:     41.169.135.46:53061 - "GET /lookups/requesters HTTP/1.1" 200 OK
INFO:     41.169.135.46:53062 - "GET /lookups/suppliers HTTP/1.1" 200 OK
INFO:     41.169.135.46:53062 - "GET /orders/api/pending_orders HTTP/1.1" 200 OK
INFO:     41.169.135.46:53071 - "GET /orders/authorisations_per_user HTTP/1.1" 200 OK
INFO:     41.169.135.46:53071 - "GET /static/js/authorisations_per_user.js HTTP/1.1" 200 OK
INFO:     41.169.135.46:53071 - "GET /lookups/requesters HTTP/1.1" 200 OK
INFO:     41.169.135.46:53071 - "GET /lookups/suppliers HTTP/1.1" 200 OK
INFO:     🔍 Session user before JSONResponse: {'id': 15, 'username': 'aaron', 'rights': 'edit', 'auth_threshold_band': None}
INFO:     41.169.135.46:53071 - "GET /mobile/get_user_info HTTP/1.1" 200 OK
INFO:     41.169.135.46:53071 - "GET /orders/api/awaiting_authorisation HTTP/1.1" 403 Forbidden
INFO:     41.169.135.46:53071 - "GET /orders/audit_trail HTTP/1.1" 200 OK
INFO:     41.169.135.46:53071 - "GET /lookups/requesters HTTP/1.1" 200 OK
INFO:     41.169.135.46:53071 - "GET /lookups/suppliers HTTP/1.1" 200 OK
INFO:     41.169.135.46:53071 - "GET /orders/api/audit_trail_orders HTTP/1.1" 200 OK
INFO:     41.169.135.46:53072 - "GET /orders/partially_delivered HTTP/1.1" 200 OK
INFO:     41.169.135.46:53072 - "GET /static/js/partially_delivered.js HTTP/1.1" 200 OK
INFO:     41.169.135.46:53074 - "GET /lookups/suppliers HTTP/1.1" 200 OK
INFO:     41.169.135.46:53072 - "GET /lookups/requesters HTTP/1.1" 200 OK
INFO:     41.169.135.46:53075 - "GET /favicon.ico HTTP/1.1" 200 OK
INFO:     41.169.135.46:53072 - "GET /orders/api/partially_delivered HTTP/1.1" 200 OK
INFO:     41.169.135.46:53072 - "GET /orders/received_orders HTTP/1.1" 200 OK
INFO:     41.169.135.46:53072 - "GET /static/js/received_orders.js HTTP/1.1" 200 OK
INFO:     41.169.135.46:53072 - "GET /lookups/requesters HTTP/1.1" 200 OK
INFO:     41.169.135.46:53072 - "GET /lookups/suppliers HTTP/1.1" 200 OK
INFO:     41.169.135.46:53072 - "GET /orders/api/received_orders HTTP/1.1" 200 OK
INFO:     41.169.135.46:53099 - "GET /orders/pending_orders HTTP/1.1" 200 OK
INFO:     41.169.135.46:53099 - "GET /lookups/requesters HTTP/1.1" 200 OK
INFO:     41.169.135.46:53100 - "GET /lookups/suppliers HTTP/1.1" 200 OK
INFO:     41.169.135.46:53100 - "GET /orders/api/pending_orders HTTP/1.1" 200 OK
INFO:     41.169.135.46:53100 - "GET /orders/authorisations_per_user HTTP/1.1" 200 OK
INFO:     41.169.135.46:53100 - "GET /lookups/requesters HTTP/1.1" 200 OK
INFO:     41.169.135.46:53100 - "GET /lookups/suppliers HTTP/1.1" 200 OK
INFO:     🔍 Session user before JSONResponse: {'id': 15, 'username': 'aaron', 'rights': 'edit', 'auth_threshold_band': None}
INFO:     41.169.135.46:53100 - "GET /mobile/get_user_info HTTP/1.1" 200 OK
INFO:     41.169.135.46:53100 - "GET /orders/api/awaiting_authorisation HTTP/1.1" 403 Forbidden
INFO:     41.169.135.46:53100 - "GET /orders/received_orders HTTP/1.1" 200 OK
INFO:     41.169.135.46:53100 - "GET /lookups/requesters HTTP/1.1" 200 OK
INFO:     41.169.135.46:53100 - "GET /lookups/suppliers HTTP/1.1" 200 OK
INFO:     41.169.135.46:53100 - "GET /orders/api/received_orders HTTP/1.1" 200 OK
INFO:     41.169.135.46:53100 - "GET /orders/partially_delivered HTTP/1.1" 200 OK
INFO:     41.169.135.46:53100 - "GET /lookups/requesters HTTP/1.1" 200 OK
INFO:     41.169.135.46:53102 - "GET /lookups/suppliers HTTP/1.1" 200 OK
INFO:     41.169.135.46:53103 - "GET /favicon.ico HTTP/1.1" 200 OK
INFO:     41.169.135.46:53102 - "GET /orders/api/partially_delivered HTTP/1.1" 200 OK
INFO:     41.169.135.46:53102 - "GET /orders/authorisations_per_user HTTP/1.1" 200 OK
INFO:     41.169.135.46:53102 - "GET /lookups/requesters HTTP/1.1" 200 OK
INFO:     41.169.135.46:53102 - "GET /lookups/suppliers HTTP/1.1" 200 OK
INFO:     🔍 Session user before JSONResponse: {'id': 15, 'username': 'aaron', 'rights': 'edit', 'auth_threshold_band': None}
INFO:     41.169.135.46:53102 - "GET /mobile/get_user_info HTTP/1.1" 200 OK
INFO:     41.169.135.46:53102 - "GET /orders/api/awaiting_authorisation HTTP/1.1" 403 Forbidden
INFO:     41.169.135.46:53102 - "GET /orders/pending_orders HTTP/1.1" 200 OK
INFO:     41.169.135.46:53102 - "GET /lookups/requesters HTTP/1.1" 200 OK
INFO:     41.169.135.46:53104 - "GET /lookups/suppliers HTTP/1.1" 200 OK
INFO:     41.169.135.46:53102 - "GET /orders/api/pending_orders HTTP/1.1" 200 OK
INFO:     41.169.135.46:53108 - "GET /orders/api/receipt_logs/161 HTTP/1.1" 200 OK
INFO:     41.169.135.46:53109 - "GET /orders/api/items_for_order/161 HTTP/1.1" 200 OK
INFO:     41.169.135.46:53110 - "GET /orders/attachments/161 HTTP/1.1" 200 OK
INFO:     41.169.135.46:53110 - "GET /orders/attachments/161 HTTP/1.1" 200 OK
INFO:     41.169.135.46:53111 - "GET /orders/api/generate_pdf_for_order/161 HTTP/1.1" 200 OK
Killed
INFO:     Will watch for changes in these directories: ['/home/steven_cohen714/orders_project/backend']
INFO:     Uvicorn running on http://0.0.0.0:8004 (Press CTRL+C to quit)
INFO:     Started reloader process [849449] using StatReload
INFO:     Started server process [849451]
INFO:     Waiting for application startup.
INFO:     Application startup complete.
INFO:     41.169.135.46:53115 - "GET /orders/new HTTP/1.1" 200 OK
INFO:     41.169.135.46:53115 - "GET /lookups/requesters HTTP/1.1" 200 OK
INFO:     41.169.135.46:53115 - "GET /lookups/suppliers HTTP/1.1" 200 OK
INFO:     41.169.135.46:53115 - "GET /lookups/items HTTP/1.1" 200 OK
INFO:     41.169.135.46:53115 - "GET /lookups/projects HTTP/1.1" 200 OK
INFO:     41.169.135.46:53115 - "GET /lookups/settings HTTP/1.1" 200 OK
Killed
INFO:     Will watch for changes in these directories: ['/home/steven_cohen714/orders_project/backend']
INFO:     Uvicorn running on http://0.0.0.0:8004 (Press CTRL+C to quit)
INFO:     Started reloader process [850039] using StatReload
INFO:     Will watch for changes in these directories: ['/home/steven_cohen714/orders_project/backend']
INFO:     Uvicorn running on http://0.0.0.0:8004 (Press CTRL+C to quit)
INFO:     Started reloader process [850037] using StatReload
INFO:     Will watch for changes in these directories: ['/home/steven_cohen714/orders_project/backend']
INFO:     Uvicorn running on http://0.0.0.0:8004 (Press CTRL+C to quit)
INFO:     Started reloader process [850048] using StatReload
INFO:     Started server process [850052]
INFO:     Waiting for application startup.
INFO:     Application startup complete.
INFO:     Started server process [850051]
INFO:     Waiting for application startup.
INFO:     Application startup complete.
ERROR:    Traceback (most recent call last):
  File "/usr/lib/python3.9/asyncio/runners.py", line 44, in run
    return loop.run_until_complete(main)
  File "/usr/lib/python3.9/asyncio/base_events.py", line 642, in run_until_complete
    return future.result()
  File "/home/steven_cohen714/orders_project/venv/lib/python3.9/site-packages/uvicorn/server.py", line 70, in serve
    await self._serve(sockets)
  File "/home/steven_cohen714/orders_project/venv/lib/python3.9/site-packages/uvicorn/server.py", line 85, in _serve
    await self.startup(sockets=sockets)
  File "/home/steven_cohen714/orders_project/venv/lib/python3.9/site-packages/uvicorn/server.py", line 135, in startup
    server = await loop.create_server(create_protocol, sock=sock, ssl=config.ssl, backlog=config.backlog)
  File "/usr/lib/python3.9/asyncio/base_events.py", line 1515, in create_server
    server._start_serving()
  File "/usr/lib/python3.9/asyncio/base_events.py", line 313, in _start_serving
    sock.listen(self._backlog)
OSError: [Errno 98] Address already in use

During handling of the above exception, another exception occurred:

Traceback (most recent call last):
  File "/home/steven_cohen714/orders_project/venv/lib/python3.9/site-packages/starlette/routing.py", line 699, in lifespan
    await receive()
  File "/home/steven_cohen714/orders_project/venv/lib/python3.9/site-packages/uvicorn/lifespan/on.py", line 137, in receive
    return await self.receive_queue.get()
  File "/usr/lib/python3.9/asyncio/queues.py", line 166, in get
    await getter
asyncio.exceptions.CancelledError

Process SpawnProcess-1:
Traceback (most recent call last):
  File "/usr/lib/python3.9/multiprocessing/process.py", line 315, in _bootstrap
    self.run()
  File "/usr/lib/python3.9/multiprocessing/process.py", line 108, in run
    self._target(*self._args, **self._kwargs)
  File "/home/steven_cohen714/orders_project/venv/lib/python3.9/site-packages/uvicorn/_subprocess.py", line 80, in subprocess_started
    target(sockets=sockets)
  File "/home/steven_cohen714/orders_project/venv/lib/python3.9/site-packages/uvicorn/server.py", line 66, in run
    return asyncio.run(self.serve(sockets=sockets))
  File "/usr/lib/python3.9/asyncio/runners.py", line 44, in run
    return loop.run_until_complete(main)
  File "/usr/lib/python3.9/asyncio/base_events.py", line 642, in run_until_complete
    return future.result()
  File "/home/steven_cohen714/orders_project/venv/lib/python3.9/site-packages/uvicorn/server.py", line 70, in serve
    await self._serve(sockets)
  File "/home/steven_cohen714/orders_project/venv/lib/python3.9/site-packages/uvicorn/server.py", line 85, in _serve
    await self.startup(sockets=sockets)
  File "/home/steven_cohen714/orders_project/venv/lib/python3.9/site-packages/uvicorn/server.py", line 135, in startup
    server = await loop.create_server(create_protocol, sock=sock, ssl=config.ssl, backlog=config.backlog)
  File "/usr/lib/python3.9/asyncio/base_events.py", line 1515, in create_server
    server._start_serving()
  File "/usr/lib/python3.9/asyncio/base_events.py", line 313, in _start_serving
    sock.listen(self._backlog)
OSError: [Errno 98] Address already in use
INFO:     Started server process [850061]
INFO:     Waiting for application startup.
INFO:     Application startup complete.
ERROR:    Traceback (most recent call last):
  File "/usr/lib/python3.9/asyncio/runners.py", line 44, in run
    return loop.run_until_complete(main)
  File "/usr/lib/python3.9/asyncio/base_events.py", line 642, in run_until_complete
    return future.result()
  File "/home/steven_cohen714/orders_project/venv/lib/python3.9/site-packages/uvicorn/server.py", line 70, in serve
    await self._serve(sockets)
  File "/home/steven_cohen714/orders_project/venv/lib/python3.9/site-packages/uvicorn/server.py", line 85, in _serve
    await self.startup(sockets=sockets)
  File "/home/steven_cohen714/orders_project/venv/lib/python3.9/site-packages/uvicorn/server.py", line 135, in startup
    server = await loop.create_server(create_protocol, sock=sock, ssl=config.ssl, backlog=config.backlog)
  File "/usr/lib/python3.9/asyncio/base_events.py", line 1515, in create_server
    server._start_serving()
  File "/usr/lib/python3.9/asyncio/base_events.py", line 313, in _start_serving
    sock.listen(self._backlog)
OSError: [Errno 98] Address already in use

During handling of the above exception, another exception occurred:

Traceback (most recent call last):
  File "/home/steven_cohen714/orders_project/venv/lib/python3.9/site-packages/starlette/routing.py", line 699, in lifespan
    await receive()
  File "/home/steven_cohen714/orders_project/venv/lib/python3.9/site-packages/uvicorn/lifespan/on.py", line 137, in receive
    return await self.receive_queue.get()
  File "/usr/lib/python3.9/asyncio/queues.py", line 166, in get
    await getter
asyncio.exceptions.CancelledError

Process SpawnProcess-1:
Traceback (most recent call last):
  File "/usr/lib/python3.9/multiprocessing/process.py", line 315, in _bootstrap
    self.run()
  File "/usr/lib/python3.9/multiprocessing/process.py", line 108, in run
    self._target(*self._args, **self._kwargs)
  File "/home/steven_cohen714/orders_project/venv/lib/python3.9/site-packages/uvicorn/_subprocess.py", line 80, in subprocess_started
    target(sockets=sockets)
  File "/home/steven_cohen714/orders_project/venv/lib/python3.9/site-packages/uvicorn/server.py", line 66, in run
    return asyncio.run(self.serve(sockets=sockets))
  File "/usr/lib/python3.9/asyncio/runners.py", line 44, in run
    return loop.run_until_complete(main)
  File "/usr/lib/python3.9/asyncio/base_events.py", line 642, in run_until_complete
    return future.result()
  File "/home/steven_cohen714/orders_project/venv/lib/python3.9/site-packages/uvicorn/server.py", line 70, in serve
    await self._serve(sockets)
  File "/home/steven_cohen714/orders_project/venv/lib/python3.9/site-packages/uvicorn/server.py", line 85, in _serve
    await self.startup(sockets=sockets)
  File "/home/steven_cohen714/orders_project/venv/lib/python3.9/site-packages/uvicorn/server.py", line 135, in startup
    server = await loop.create_server(create_protocol, sock=sock, ssl=config.ssl, backlog=config.backlog)
  File "/usr/lib/python3.9/asyncio/base_events.py", line 1515, in create_server
    server._start_serving()
  File "/usr/lib/python3.9/asyncio/base_events.py", line 313, in _start_serving
    sock.listen(self._backlog)
OSError: [Errno 98] Address already in use
INFO:     41.169.135.46:53120 - "GET /logout HTTP/1.1" 200 OK
INFO:     41.169.135.46:53120 - "GET /favicon.ico HTTP/1.1" 200 OK
